<?xml version="1.0" encoding="UTF-8"?>
<testng-results ignored="0" total="1" passed="1" failed="0" skipped="0">
  <reporter-output>
  </reporter-output>
  <suite started-at="2023-12-27T14:49:32 IST" name="Suite" finished-at="2023-12-27T14:49:56 IST" duration-ms="23633">
    <groups>
    </groups>
    <test started-at="2023-12-27T14:49:32 IST" name="Test" finished-at="2023-12-27T14:49:56 IST" duration-ms="23633">
      <class name="jerkins.Class6">
        <test-method is-config="true" signature="setup()[pri:0, instance:jerkins.Class6@6fd83fc1]" started-at="2023-12-27T14:49:32 IST" name="setup" finished-at="2023-12-27T14:49:38 IST" duration-ms="5761" status="PASS">
          <reporter-output>
          </reporter-output>
        </test-method> <!-- setup -->
        <test-method signature="verifyLogin()[pri:0, instance:jerkins.Class6@6fd83fc1]" started-at="2023-12-27T14:49:38 IST" name="verifyLogin" finished-at="2023-12-27T14:49:50 IST" duration-ms="12608" status="PASS">
          <reporter-output>
          </reporter-output>
        </test-method> <!-- verifyLogin -->
        <test-method is-config="true" signature="teardown()[pri:0, instance:jerkins.Class6@6fd83fc1]" started-at="2023-12-27T14:49:50 IST" name="teardown" finished-at="2023-12-27T14:49:56 IST" duration-ms="5237" status="PASS">
          <reporter-output>
          </reporter-output>
        </test-method> <!-- teardown -->
      </class> <!-- jerkins.Class6 -->
    </test> <!-- Test -->
  </suite> <!-- Suite -->
</testng-results>
